<?xml version="1.0" encoding="UTF-8"?>
<!-- Generated by org.testng.reporters.JUnitReportReporter -->
<testsuite hostname="IN026-LAB-0128" failures="0" tests="3" name="classes.AppScreen" time="4.498" errors="0" timestamp="2023-10-18T10:32:17 IST" skipped="0">
  <testcase classname="classes.AppScreen" name="moviesTabLaunch" time="0.113"/>
  <testcase classname="classes.AppScreen" name="firstNavigation" time="0.052"/>
  <testcase classname="classes.AppScreen" name="generPick" time="4.333"/>
</testsuite> <!-- classes.AppScreen -->
