<?xml version="1.0" encoding="UTF-8"?>
<!-- Generated by org.testng.reporters.JUnitReportReporter -->
<testsuite hostname="IN026-LAB-0128" failures="0" tests="3" name="classes.AppScreen" time="4.306" errors="0" timestamp="2023-10-13T12:15:58 IST" skipped="0">
  <testcase classname="classes.AppScreen" name="moviesTabLaunch" time="0.077"/>
  <testcase classname="classes.AppScreen" name="firstNavigation" time="0.040"/>
  <testcase classname="classes.AppScreen" name="generPick" time="4.189"/>
</testsuite> <!-- classes.AppScreen -->
