<?xml version="1.0" encoding="UTF-8"?>
<!-- Generated by org.testng.reporters.JUnitReportReporter -->
<testsuite hostname="IN026-LAB-0128" failures="0" tests="2" name="classes.ContentSelection" time="13.846" errors="0" timestamp="2023-10-18T15:06:06 IST" skipped="0">
  <testcase classname="classes.ContentSelection" name="contentSelection" time="10.759"/>
  <testcase classname="classes.ContentSelection" name="contentrail" time="3.087"/>
</testsuite> <!-- classes.ContentSelection -->
