<?xml version="1.0" encoding="UTF-8"?>
<!-- Generated by org.testng.reporters.JUnitReportReporter -->
<testsuite hostname="IN026-LAB-0128" failures="0" tests="3" name="classes.loginFlow" time="30.454" errors="0" timestamp="2023-10-18T10:32:17 IST" skipped="0">
  <testcase classname="classes.loginFlow" name="profileLaunch" time="5.381"/>
  <testcase classname="classes.loginFlow" name="validLogin" time="4.800"/>
  <testcase classname="classes.loginFlow" name="checkSignInButton" time="20.273"/>
</testsuite> <!-- classes.loginFlow -->
