<?xml version="1.0" encoding="UTF-8"?>
<!-- Generated by org.testng.reporters.JUnitReportReporter -->
<testsuite hostname="IN026-LAB-0128" failures="0" tests="3" name="classes.loginFlow" time="33.817" errors="0" timestamp="2023-10-13T12:15:58 IST" skipped="0">
  <testcase classname="classes.loginFlow" name="profileLaunch" time="5.274"/>
  <testcase classname="classes.loginFlow" name="validLogin" time="6.835"/>
  <testcase classname="classes.loginFlow" name="checkSignInButton" time="21.708"/>
</testsuite> <!-- classes.loginFlow -->
