<?xml version="1.0" encoding="UTF-8"?>
<!-- Generated by org.testng.reporters.JUnitReportReporter -->
<testsuite hostname="IN026-LAB-0128" failures="0" tests="2" name="classes.ContentSelection" time="8.953" errors="0" timestamp="2023-10-13T12:15:58 IST" skipped="0">
  <testcase classname="classes.ContentSelection" name="contentrail" time="0.109"/>
  <testcase classname="classes.ContentSelection" name="contentSelection" time="8.844"/>
</testsuite> <!-- classes.ContentSelection -->
