<?xml version="1.0" encoding="UTF-8"?>
<!-- Generated by org.testng.reporters.JUnitReportReporter -->
<testsuite hostname="IN026-LAB-0128" failures="0" tests="3" name="classes.AppScreen" time="4.362" errors="0" timestamp="2023-10-18T15:06:06 IST" skipped="0">
  <testcase classname="classes.AppScreen" name="firstNavigation" time="0.027"/>
  <testcase classname="classes.AppScreen" name="generPick" time="4.275"/>
  <testcase classname="classes.AppScreen" name="moviesTabLaunch" time="0.060"/>
</testsuite> <!-- classes.AppScreen -->
