<?xml version="1.0" encoding="UTF-8"?>
<!-- Generated by org.testng.reporters.JUnitReportReporter -->
<testsuite hostname="IN026-LAB-0128" failures="0" tests="3" name="classes.loginFlow" time="31.464" errors="0" timestamp="2023-10-18T15:06:06 IST" skipped="0">
  <testcase classname="classes.loginFlow" name="validLogin" time="5.652"/>
  <testcase classname="classes.loginFlow" name="profileLaunch" time="5.245"/>
  <testcase classname="classes.loginFlow" name="checkSignInButton" time="20.567"/>
</testsuite> <!-- classes.loginFlow -->
